Started GET "/" for ::1 at 2023-08-16 22:15:53 +0500
  
ActiveRecord::ConnectionNotEstablished (could not connect to server: No such file or directory
	Is the server running locally and accepting
	connections on Unix domain socket "/var/run/postgresql/.s.PGSQL.5432"?
):
  
activerecord (7.0.7) lib/active_record/connection_adapters/postgresql_adapter.rb:87:in `rescue in new_client'
activerecord (7.0.7) lib/active_record/connection_adapters/postgresql_adapter.rb:77:in `new_client'
activerecord (7.0.7) lib/active_record/connection_adapters/postgresql_adapter.rb:37:in `postgresql_connection'
activerecord (7.0.7) lib/active_record/connection_adapters/abstract/connection_pool.rb:656:in `public_send'
activerecord (7.0.7) lib/active_record/connection_adapters/abstract/connection_pool.rb:656:in `new_connection'
activerecord (7.0.7) lib/active_record/connection_adapters/abstract/connection_pool.rb:700:in `checkout_new_connection'
activerecord (7.0.7) lib/active_record/connection_adapters/abstract/connection_pool.rb:679:in `try_to_checkout_new_connection'
activerecord (7.0.7) lib/active_record/connection_adapters/abstract/connection_pool.rb:640:in `acquire_connection'
activerecord (7.0.7) lib/active_record/connection_adapters/abstract/connection_pool.rb:341:in `checkout'
activerecord (7.0.7) lib/active_record/connection_adapters/abstract/connection_pool.rb:181:in `connection'
activerecord (7.0.7) lib/active_record/connection_adapters/abstract/connection_handler.rb:211:in `retrieve_connection'
activerecord (7.0.7) lib/active_record/connection_handling.rb:313:in `retrieve_connection'
activerecord (7.0.7) lib/active_record/connection_handling.rb:280:in `connection'
activerecord (7.0.7) lib/active_record/migration.rb:613:in `connection'
activerecord (7.0.7) lib/active_record/migration.rb:608:in `build_watcher'
activerecord (7.0.7) lib/active_record/migration.rb:590:in `block in call'
activerecord (7.0.7) lib/active_record/migration.rb:589:in `synchronize'
activerecord (7.0.7) lib/active_record/migration.rb:589:in `call'
actionpack (7.0.7) lib/action_dispatch/middleware/callbacks.rb:27:in `block in call'
activesupport (7.0.7) lib/active_support/callbacks.rb:99:in `run_callbacks'
actionpack (7.0.7) lib/action_dispatch/middleware/callbacks.rb:26:in `call'
actionpack (7.0.7) lib/action_dispatch/middleware/executor.rb:14:in `call'
actionpack (7.0.7) lib/action_dispatch/middleware/actionable_exceptions.rb:17:in `call'
actionpack (7.0.7) lib/action_dispatch/middleware/debug_exceptions.rb:28:in `call'
actionpack (7.0.7) lib/action_dispatch/middleware/show_exceptions.rb:29:in `call'
railties (7.0.7) lib/rails/rack/logger.rb:40:in `call_app'
railties (7.0.7) lib/rails/rack/logger.rb:25:in `block in call'
activesupport (7.0.7) lib/active_support/tagged_logging.rb:99:in `block in tagged'
activesupport (7.0.7) lib/active_support/tagged_logging.rb:37:in `tagged'
activesupport (7.0.7) lib/active_support/tagged_logging.rb:99:in `tagged'
railties (7.0.7) lib/rails/rack/logger.rb:25:in `call'
actionpack (7.0.7) lib/action_dispatch/middleware/remote_ip.rb:93:in `call'
actionpack (7.0.7) lib/action_dispatch/middleware/request_id.rb:26:in `call'
rack (2.2.8) lib/rack/runtime.rb:22:in `call'
activesupport (7.0.7) lib/active_support/cache/strategy/local_cache_middleware.rb:29:in `call'
actionpack (7.0.7) lib/action_dispatch/middleware/server_timing.rb:61:in `block in call'
actionpack (7.0.7) lib/action_dispatch/middleware/server_timing.rb:26:in `collect_events'
actionpack (7.0.7) lib/action_dispatch/middleware/server_timing.rb:60:in `call'
actionpack (7.0.7) lib/action_dispatch/middleware/executor.rb:14:in `call'
actionpack (7.0.7) lib/action_dispatch/middleware/static.rb:23:in `call'
rack (2.2.8) lib/rack/sendfile.rb:110:in `call'
actionpack (7.0.7) lib/action_dispatch/middleware/host_authorization.rb:137:in `call'
railties (7.0.7) lib/rails/engine.rb:530:in `call'
puma (5.6.6) lib/puma/configuration.rb:252:in `call'
puma (5.6.6) lib/puma/request.rb:77:in `block in handle_request'
puma (5.6.6) lib/puma/thread_pool.rb:340:in `with_force_shutdown'
puma (5.6.6) lib/puma/request.rb:76:in `handle_request'
puma (5.6.6) lib/puma/server.rb:443:in `process_client'
puma (5.6.6) lib/puma/thread_pool.rb:147:in `block in spawn_thread'
Started GET "/favicon.ico" for ::1 at 2023-08-16 22:15:54 +0500
  
ActiveRecord::ConnectionNotEstablished (could not connect to server: No such file or directory
	Is the server running locally and accepting
	connections on Unix domain socket "/var/run/postgresql/.s.PGSQL.5432"?
):
  
activerecord (7.0.7) lib/active_record/connection_adapters/postgresql_adapter.rb:87:in `rescue in new_client'
activerecord (7.0.7) lib/active_record/connection_adapters/postgresql_adapter.rb:77:in `new_client'
activerecord (7.0.7) lib/active_record/connection_adapters/postgresql_adapter.rb:37:in `postgresql_connection'
activerecord (7.0.7) lib/active_record/connection_adapters/abstract/connection_pool.rb:656:in `public_send'
activerecord (7.0.7) lib/active_record/connection_adapters/abstract/connection_pool.rb:656:in `new_connection'
activerecord (7.0.7) lib/active_record/connection_adapters/abstract/connection_pool.rb:700:in `checkout_new_connection'
activerecord (7.0.7) lib/active_record/connection_adapters/abstract/connection_pool.rb:679:in `try_to_checkout_new_connection'
activerecord (7.0.7) lib/active_record/connection_adapters/abstract/connection_pool.rb:640:in `acquire_connection'
activerecord (7.0.7) lib/active_record/connection_adapters/abstract/connection_pool.rb:341:in `checkout'
activerecord (7.0.7) lib/active_record/connection_adapters/abstract/connection_pool.rb:181:in `connection'
activerecord (7.0.7) lib/active_record/connection_adapters/abstract/connection_handler.rb:211:in `retrieve_connection'
activerecord (7.0.7) lib/active_record/connection_handling.rb:313:in `retrieve_connection'
activerecord (7.0.7) lib/active_record/connection_handling.rb:280:in `connection'
activerecord (7.0.7) lib/active_record/migration.rb:613:in `connection'
activerecord (7.0.7) lib/active_record/migration.rb:608:in `build_watcher'
activerecord (7.0.7) lib/active_record/migration.rb:590:in `block in call'
activerecord (7.0.7) lib/active_record/migration.rb:589:in `synchronize'
activerecord (7.0.7) lib/active_record/migration.rb:589:in `call'
actionpack (7.0.7) lib/action_dispatch/middleware/callbacks.rb:27:in `block in call'
activesupport (7.0.7) lib/active_support/callbacks.rb:99:in `run_callbacks'
actionpack (7.0.7) lib/action_dispatch/middleware/callbacks.rb:26:in `call'
actionpack (7.0.7) lib/action_dispatch/middleware/executor.rb:14:in `call'
actionpack (7.0.7) lib/action_dispatch/middleware/actionable_exceptions.rb:17:in `call'
actionpack (7.0.7) lib/action_dispatch/middleware/debug_exceptions.rb:28:in `call'
actionpack (7.0.7) lib/action_dispatch/middleware/show_exceptions.rb:29:in `call'
railties (7.0.7) lib/rails/rack/logger.rb:40:in `call_app'
railties (7.0.7) lib/rails/rack/logger.rb:25:in `block in call'
activesupport (7.0.7) lib/active_support/tagged_logging.rb:99:in `block in tagged'
activesupport (7.0.7) lib/active_support/tagged_logging.rb:37:in `tagged'
activesupport (7.0.7) lib/active_support/tagged_logging.rb:99:in `tagged'
railties (7.0.7) lib/rails/rack/logger.rb:25:in `call'
actionpack (7.0.7) lib/action_dispatch/middleware/remote_ip.rb:93:in `call'
actionpack (7.0.7) lib/action_dispatch/middleware/request_id.rb:26:in `call'
rack (2.2.8) lib/rack/runtime.rb:22:in `call'
activesupport (7.0.7) lib/active_support/cache/strategy/local_cache_middleware.rb:29:in `call'
actionpack (7.0.7) lib/action_dispatch/middleware/server_timing.rb:61:in `block in call'
actionpack (7.0.7) lib/action_dispatch/middleware/server_timing.rb:26:in `collect_events'
actionpack (7.0.7) lib/action_dispatch/middleware/server_timing.rb:60:in `call'
actionpack (7.0.7) lib/action_dispatch/middleware/executor.rb:14:in `call'
actionpack (7.0.7) lib/action_dispatch/middleware/static.rb:23:in `call'
rack (2.2.8) lib/rack/sendfile.rb:110:in `call'
actionpack (7.0.7) lib/action_dispatch/middleware/host_authorization.rb:137:in `call'
railties (7.0.7) lib/rails/engine.rb:530:in `call'
puma (5.6.6) lib/puma/configuration.rb:252:in `call'
puma (5.6.6) lib/puma/request.rb:77:in `block in handle_request'
puma (5.6.6) lib/puma/thread_pool.rb:340:in `with_force_shutdown'
puma (5.6.6) lib/puma/request.rb:76:in `handle_request'
puma (5.6.6) lib/puma/server.rb:443:in `process_client'
puma (5.6.6) lib/puma/thread_pool.rb:147:in `block in spawn_thread'
  [1m[35m (63.6ms)[0m  [1m[35mCREATE DATABASE "middle_crud_api_development" ENCODING = 'unicode'[0m
  [1m[35m (72.9ms)[0m  [1m[35mCREATE DATABASE "middle_crud_api_test" ENCODING = 'unicode'[0m
  [1m[35m (11.8ms)[0m  [1m[35mCREATE TABLE "schema_migrations" ("version" character varying NOT NULL PRIMARY KEY)[0m
  [1m[35m (12.4ms)[0m  [1m[35mCREATE TABLE "ar_internal_metadata" ("key" character varying NOT NULL PRIMARY KEY, "value" character varying, "created_at" timestamp(6) NOT NULL, "updated_at" timestamp(6) NOT NULL)[0m
  [1m[35m (0.4ms)[0m  [1m[34mSELECT pg_try_advisory_lock(761922628346320140)[0m
  [1m[36mActiveRecord::SchemaMigration Pluck (0.6ms)[0m  [1m[34mSELECT "schema_migrations"."version" FROM "schema_migrations" ORDER BY "schema_migrations"."version" ASC[0m
Migrating to CreateProducts (20230816192856)
  [1m[36mTRANSACTION (0.3ms)[0m  [1m[35mBEGIN[0m
  [1m[35m (9.6ms)[0m  [1m[35mCREATE TABLE "products" ("id" bigserial primary key, "name" character varying, "description" character varying, "created_at" timestamp(6) NOT NULL, "updated_at" timestamp(6) NOT NULL)[0m
  [1m[36mActiveRecord::SchemaMigration Create (0.7ms)[0m  [1m[32mINSERT INTO "schema_migrations" ("version") VALUES ($1) RETURNING "version"[0m  [["version", "20230816192856"]]
  [1m[36mTRANSACTION (1.5ms)[0m  [1m[35mCOMMIT[0m
  [1m[36mActiveRecord::InternalMetadata Load (0.4ms)[0m  [1m[34mSELECT "ar_internal_metadata".* FROM "ar_internal_metadata" WHERE "ar_internal_metadata"."key" = $1 LIMIT $2[0m  [["key", "environment"], ["LIMIT", 1]]
  [1m[36mTRANSACTION (0.1ms)[0m  [1m[35mBEGIN[0m
  [1m[36mActiveRecord::InternalMetadata Create (0.3ms)[0m  [1m[32mINSERT INTO "ar_internal_metadata" ("key", "value", "created_at", "updated_at") VALUES ($1, $2, $3, $4) RETURNING "key"[0m  [["key", "environment"], ["value", "development"], ["created_at", "2023-08-16 19:29:28.442466"], ["updated_at", "2023-08-16 19:29:28.442466"]]
  [1m[36mTRANSACTION (1.1ms)[0m  [1m[35mCOMMIT[0m
  [1m[35m (0.5ms)[0m  [1m[34mSELECT pg_advisory_unlock(761922628346320140)[0m
  [1m[36mActiveRecord::SchemaMigration Pluck (0.7ms)[0m  [1m[34mSELECT "schema_migrations"."version" FROM "schema_migrations" ORDER BY "schema_migrations"."version" ASC[0m
Started GET "/api/v1/products" for ::1 at 2023-08-17 00:59:43 +0500
  [1m[36mActiveRecord::SchemaMigration Pluck (0.5ms)[0m  [1m[34mSELECT "schema_migrations"."version" FROM "schema_migrations" ORDER BY "schema_migrations"."version" ASC[0m
Processing by Api::V1::ProductsController#index as */*
Completed 201 Created in 8ms (Views: 0.2ms | ActiveRecord: 0.0ms | Allocations: 19374)


Started GET "/api/v1/products" for ::1 at 2023-08-17 01:01:00 +0500
Processing by Api::V1::ProductsController#index as */*
  [1m[36mProduct Load (0.4ms)[0m  [1m[34mSELECT "products".* FROM "products"[0m
  ↳ app/controllers/api/v1/products_controller.rb:5:in `index'
Completed 201 Created in 3ms (Views: 1.4ms | ActiveRecord: 0.4ms | Allocations: 1935)


Started POST "/api/v1/products" for ::1 at 2023-08-17 01:01:15 +0500
Processing by Api::V1::ProductsController#create as */*
  [1m[36mTRANSACTION (0.3ms)[0m  [1m[35mBEGIN[0m
  ↳ app/controllers/api/v1/products_controller.rb:12:in `create'
  [1m[36mProduct Create (0.7ms)[0m  [1m[32mINSERT INTO "products" ("name", "description", "created_at", "updated_at") VALUES ($1, $2, $3, $4) RETURNING "id"[0m  [["name", nil], ["description", nil], ["created_at", "2023-08-16 20:01:15.292811"], ["updated_at", "2023-08-16 20:01:15.292811"]]
  ↳ app/controllers/api/v1/products_controller.rb:12:in `create'
  [1m[36mTRANSACTION (8.6ms)[0m  [1m[35mCOMMIT[0m
  ↳ app/controllers/api/v1/products_controller.rb:12:in `create'
Completed 200 OK in 27ms (Views: 0.3ms | ActiveRecord: 13.0ms | Allocations: 18398)


  [1m[36mProduct Load (1.1ms)[0m  [1m[34mSELECT "products".* FROM "products"[0m
  [1m[36mProduct Delete All (9.5ms)[0m  [1m[31mDELETE FROM "products"[0m
Started POST "/admins/api/v2/register" for ::1 at 2023-08-17 01:06:49 +0500
  [1m[36mActiveRecord::SchemaMigration Pluck (0.7ms)[0m  [1m[34mSELECT "schema_migrations"."version" FROM "schema_migrations" ORDER BY "schema_migrations"."version" ASC[0m
  
ActionController::RoutingError (No route matches [POST] "/admins/api/v2/register"):
  
Started GET "/api/v1/products" for ::1 at 2023-08-17 01:07:01 +0500
Processing by Api::V1::ProductsController#index as */*
  [1m[36mProduct Load (0.5ms)[0m  [1m[34mSELECT "products".* FROM "products"[0m
  ↳ app/controllers/api/v1/products_controller.rb:6:in `map'
Completed 201 Created in 27ms (Views: 15.0ms | ActiveRecord: 0.5ms | Allocations: 20840)


Started GET "/api/v1/products" for ::1 at 2023-08-17 01:07:14 +0500
Processing by Api::V1::ProductsController#index as */*
  [1m[36mProduct Load (0.3ms)[0m  [1m[34mSELECT "products".* FROM "products"[0m
  ↳ app/controllers/api/v1/products_controller.rb:6:in `map'
Completed 200 OK in 3ms (Views: 0.3ms | ActiveRecord: 0.3ms | Allocations: 1649)


Started POST "/api/v1/products" for ::1 at 2023-08-17 01:07:57 +0500
Processing by Api::V1::ProductsController#create as */*
Completed 500 Internal Server Error in 1ms (ActiveRecord: 0.0ms | Allocations: 786)


  
ArgumentError (Unknown key: :presence. Valid keys are: :on, :if, :unless, :prepend. Perhaps you meant to call `validates` instead of `validate`?):
  
app/models/product.rb:2:in `<class:Product>'
app/models/product.rb:1:in `<main>'
app/controllers/api/v1/products_controller.rb:14:in `create'
Started POST "/api/v1/products" for ::1 at 2023-08-17 01:08:11 +0500
Processing by Api::V1::ProductsController#create as */*
Completed 500 Internal Server Error in 19ms (ActiveRecord: 2.6ms | Allocations: 18340)


  
ArgumentError (Unrecognized status code :unprocessible_entity):
  
app/controllers/api/v1/products_controller.rb:58:in `render_response'
app/controllers/api/v1/products_controller.rb:15:in `create'
Started POST "/api/v1/products" for ::1 at 2023-08-17 01:08:50 +0500
Processing by Api::V1::ProductsController#create as */*
Completed 500 Internal Server Error in 1ms (ActiveRecord: 0.0ms | Allocations: 698)


  
ArgumentError (Unrecognized status code :unprocessible_entity):
  
app/controllers/api/v1/products_controller.rb:58:in `render_response'
app/controllers/api/v1/products_controller.rb:15:in `create'
Started POST "/api/v1/products" for ::1 at 2023-08-17 01:09:52 +0500
Processing by Api::V1::ProductsController#create as */*
Completed 422 Unprocessable Entity in 7ms (Views: 0.2ms | ActiveRecord: 2.3ms | Allocations: 3339)


Started POST "/api/v1/products" for ::1 at 2023-08-17 01:10:31 +0500
Processing by Api::V1::ProductsController#create as */*
  Parameters: {"name"=>"hello", "product"=>{"name"=>"hello"}}
[31mUnpermitted parameter: :product. Context: { controller: Api::V1::ProductsController, action: create, request: #<ActionDispatch::Request:0x00007fa6d48e46f8>, params: {"name"=>"hello", "controller"=>"api/v1/products", "action"=>"create", "product"=>{"name"=>"hello"}} }[0m
  [1m[36mTRANSACTION (0.2ms)[0m  [1m[35mBEGIN[0m
  ↳ app/controllers/api/v1/products_controller.rb:14:in `create'
  [1m[36mProduct Create (0.4ms)[0m  [1m[32mINSERT INTO "products" ("name", "description", "created_at", "updated_at") VALUES ($1, $2, $3, $4) RETURNING "id"[0m  [["name", "hello"], ["description", nil], ["created_at", "2023-08-16 20:10:31.334904"], ["updated_at", "2023-08-16 20:10:31.334904"]]
  ↳ app/controllers/api/v1/products_controller.rb:14:in `create'
  [1m[36mTRANSACTION (1.2ms)[0m  [1m[35mCOMMIT[0m
  ↳ app/controllers/api/v1/products_controller.rb:14:in `create'
Completed 200 OK in 6ms (Views: 0.3ms | ActiveRecord: 1.8ms | Allocations: 2785)


Started GET "/api/v1/products" for ::1 at 2023-08-17 01:10:38 +0500
Processing by Api::V1::ProductsController#index as */*
  [1m[36mProduct Load (0.4ms)[0m  [1m[34mSELECT "products".* FROM "products"[0m
  ↳ app/controllers/api/v1/products_controller.rb:6:in `map'
Completed 200 OK in 6ms (Views: 0.2ms | ActiveRecord: 0.4ms | Allocations: 1876)


Started GET "/api/v1/products" for ::1 at 2023-08-17 01:12:16 +0500
Processing by Api::V1::ProductsController#index as */*
  [1m[36mProduct Load (0.3ms)[0m  [1m[34mSELECT "products".* FROM "products"[0m
  ↳ app/controllers/api/v1/products_controller.rb:6:in `map'
Completed 200 OK in 8ms (Views: 0.2ms | ActiveRecord: 2.3ms | Allocations: 3471)


Started POST "/api/v1/products" for ::1 at 2023-08-17 01:12:42 +0500
Processing by Api::V1::ProductsController#create as */*
  Parameters: {"name"=>"hello 2", "description"=>"hello 2 description", "product"=>{"name"=>"hello 2", "description"=>"hello 2 description"}}
[31mUnpermitted parameter: :product. Context: { controller: Api::V1::ProductsController, action: create, request: #<ActionDispatch::Request:0x00007fa6dc2857f0>, params: {"name"=>"hello 2", "description"=>"hello 2 description", "controller"=>"api/v1/products", "action"=>"create", "product"=>{"name"=>"hello 2", "description"=>"hello 2 description"}} }[0m
  [1m[36mTRANSACTION (0.1ms)[0m  [1m[35mBEGIN[0m
  ↳ app/controllers/api/v1/products_controller.rb:14:in `create'
  [1m[36mProduct Create (0.3ms)[0m  [1m[32mINSERT INTO "products" ("name", "description", "created_at", "updated_at") VALUES ($1, $2, $3, $4) RETURNING "id"[0m  [["name", "hello 2"], ["description", "hello 2 description"], ["created_at", "2023-08-16 20:12:42.503136"], ["updated_at", "2023-08-16 20:12:42.503136"]]
  ↳ app/controllers/api/v1/products_controller.rb:14:in `create'
  [1m[36mTRANSACTION (8.6ms)[0m  [1m[35mCOMMIT[0m
  ↳ app/controllers/api/v1/products_controller.rb:14:in `create'
Completed 200 OK in 12ms (Views: 0.2ms | ActiveRecord: 9.0ms | Allocations: 2345)


Started POST "/api/v1/products" for ::1 at 2023-08-17 01:15:10 +0500
Processing by Api::V1::ProductsController#create as */*
  Parameters: {"name"=>"hello 2", "description"=>"hello 2 description", "product"=>{"name"=>"hello 2", "description"=>"hello 2 description"}}
[31mUnpermitted parameter: :product. Context: { controller: Api::V1::ProductsController, action: create, request: #<ActionDispatch::Request:0x00007fa6e10afa70>, params: {"name"=>"hello 2", "description"=>"hello 2 description", "controller"=>"api/v1/products", "action"=>"create", "product"=>{"name"=>"hello 2", "description"=>"hello 2 description"}} }[0m
  [1m[36mTRANSACTION (0.6ms)[0m  [1m[35mBEGIN[0m
  ↳ app/controllers/api/v1/products_controller.rb:14:in `create'
  [1m[36mProduct Create (0.3ms)[0m  [1m[32mINSERT INTO "products" ("name", "description", "created_at", "updated_at") VALUES ($1, $2, $3, $4) RETURNING "id"[0m  [["name", "hello 2"], ["description", "hello 2 description"], ["created_at", "2023-08-16 20:15:11.022408"], ["updated_at", "2023-08-16 20:15:11.022408"]]
  ↳ app/controllers/api/v1/products_controller.rb:14:in `create'
  [1m[36mTRANSACTION (1.5ms)[0m  [1m[35mCOMMIT[0m
  ↳ app/controllers/api/v1/products_controller.rb:14:in `create'
Completed 500 Internal Server Error in 43ms (ActiveRecord: 5.6ms | Allocations: 5708)


  
NameError (undefined local variable or method `action' for #<Api::V1::ProductsController:0x0000000001f6d0>
Did you mean?  action_name):
  
app/controllers/api/v1/products_controller.rb:65:in `render_response'
app/controllers/api/v1/products_controller.rb:15:in `create'
Started POST "/api/v1/products" for ::1 at 2023-08-17 01:15:25 +0500
Processing by Api::V1::ProductsController#create as */*
  Parameters: {"name"=>"hello 2", "description"=>"hello 2 description", "product"=>{"name"=>"hello 2", "description"=>"hello 2 description"}}
[31mUnpermitted parameter: :product. Context: { controller: Api::V1::ProductsController, action: create, request: #<ActionDispatch::Request:0x00007fa6e0923518>, params: {"name"=>"hello 2", "description"=>"hello 2 description", "controller"=>"api/v1/products", "action"=>"create", "product"=>{"name"=>"hello 2", "description"=>"hello 2 description"}} }[0m
  [1m[36mTRANSACTION (0.2ms)[0m  [1m[35mBEGIN[0m
  ↳ app/controllers/api/v1/products_controller.rb:14:in `create'
  [1m[36mProduct Create (0.4ms)[0m  [1m[32mINSERT INTO "products" ("name", "description", "created_at", "updated_at") VALUES ($1, $2, $3, $4) RETURNING "id"[0m  [["name", "hello 2"], ["description", "hello 2 description"], ["created_at", "2023-08-16 20:15:25.244379"], ["updated_at", "2023-08-16 20:15:25.244379"]]
  ↳ app/controllers/api/v1/products_controller.rb:14:in `create'
  [1m[36mTRANSACTION (1.1ms)[0m  [1m[35mCOMMIT[0m
  ↳ app/controllers/api/v1/products_controller.rb:14:in `create'
Completed 500 Internal Server Error in 9ms (ActiveRecord: 3.8ms | Allocations: 4974)


  
NoMethodError (undefined method `action' for #<ActionDispatch::Request POST "http://localhost:3000/api/v1/products" for ::1>):
  
app/controllers/api/v1/products_controller.rb:65:in `render_response'
app/controllers/api/v1/products_controller.rb:15:in `create'
Started POST "/api/v1/products" for ::1 at 2023-08-17 01:15:52 +0500
Processing by Api::V1::ProductsController#create as */*
  Parameters: {"name"=>"hello 2", "description"=>"hello 2 description", "product"=>{"name"=>"hello 2", "description"=>"hello 2 description"}}
[31mUnpermitted parameter: :product. Context: { controller: Api::V1::ProductsController, action: create, request: #<ActionDispatch::Request:0x00007fa6d4b67f38>, params: {"name"=>"hello 2", "description"=>"hello 2 description", "controller"=>"api/v1/products", "action"=>"create", "product"=>{"name"=>"hello 2", "description"=>"hello 2 description"}} }[0m
  [1m[36mTRANSACTION (0.2ms)[0m  [1m[35mBEGIN[0m
  ↳ app/controllers/api/v1/products_controller.rb:14:in `create'
  [1m[36mProduct Create (0.3ms)[0m  [1m[32mINSERT INTO "products" ("name", "description", "created_at", "updated_at") VALUES ($1, $2, $3, $4) RETURNING "id"[0m  [["name", "hello 2"], ["description", "hello 2 description"], ["created_at", "2023-08-16 20:15:52.927037"], ["updated_at", "2023-08-16 20:15:52.927037"]]
  ↳ app/controllers/api/v1/products_controller.rb:14:in `create'
  [1m[36mTRANSACTION (1.4ms)[0m  [1m[35mCOMMIT[0m
  ↳ app/controllers/api/v1/products_controller.rb:14:in `create'
Completed 200 OK in 8ms (Views: 0.2ms | ActiveRecord: 4.7ms | Allocations: 3788)


Started POST "/api/v1/products" for ::1 at 2023-08-17 01:16:04 +0500
Processing by Api::V1::ProductsController#create as */*
  Parameters: {"name"=>"hello 2", "description"=>"hello 2 description", "product"=>{"name"=>"hello 2", "description"=>"hello 2 description"}}
[31mUnpermitted parameter: :product. Context: { controller: Api::V1::ProductsController, action: create, request: #<ActionDispatch::Request:0x00007fa6dc2bb8c8>, params: {"name"=>"hello 2", "description"=>"hello 2 description", "controller"=>"api/v1/products", "action"=>"create", "product"=>{"name"=>"hello 2", "description"=>"hello 2 description"}} }[0m
  [1m[36mTRANSACTION (0.2ms)[0m  [1m[35mBEGIN[0m
  ↳ app/controllers/api/v1/products_controller.rb:14:in `create'
  [1m[36mProduct Create (0.2ms)[0m  [1m[32mINSERT INTO "products" ("name", "description", "created_at", "updated_at") VALUES ($1, $2, $3, $4) RETURNING "id"[0m  [["name", "hello 2"], ["description", "hello 2 description"], ["created_at", "2023-08-16 20:16:04.557080"], ["updated_at", "2023-08-16 20:16:04.557080"]]
  ↳ app/controllers/api/v1/products_controller.rb:14:in `create'
  [1m[36mTRANSACTION (1.2ms)[0m  [1m[35mCOMMIT[0m
  ↳ app/controllers/api/v1/products_controller.rb:14:in `create'
Completed 200 OK in 8ms (Views: 0.2ms | ActiveRecord: 4.2ms | Allocations: 3783)


Started POST "/api/v1/products" for ::1 at 2023-08-17 01:16:25 +0500
Processing by Api::V1::ProductsController#create as */*
  Parameters: {"name"=>"hello 2", "description"=>"hello 2 description", "product"=>{"name"=>"hello 2", "description"=>"hello 2 description"}}
[31mUnpermitted parameter: :product. Context: { controller: Api::V1::ProductsController, action: create, request: #<ActionDispatch::Request:0x00007fa6d4cb2c30>, params: {"name"=>"hello 2", "description"=>"hello 2 description", "controller"=>"api/v1/products", "action"=>"create", "product"=>{"name"=>"hello 2", "description"=>"hello 2 description"}} }[0m
  [1m[36mTRANSACTION (0.2ms)[0m  [1m[35mBEGIN[0m
  ↳ app/controllers/api/v1/products_controller.rb:14:in `create'
  [1m[36mProduct Create (0.4ms)[0m  [1m[32mINSERT INTO "products" ("name", "description", "created_at", "updated_at") VALUES ($1, $2, $3, $4) RETURNING "id"[0m  [["name", "hello 2"], ["description", "hello 2 description"], ["created_at", "2023-08-16 20:16:25.235291"], ["updated_at", "2023-08-16 20:16:25.235291"]]
  ↳ app/controllers/api/v1/products_controller.rb:14:in `create'
  [1m[36mTRANSACTION (1.2ms)[0m  [1m[35mCOMMIT[0m
  ↳ app/controllers/api/v1/products_controller.rb:14:in `create'
Completed 200 OK in 9ms (Views: 0.2ms | ActiveRecord: 4.9ms | Allocations: 3790)


Started POST "/api/v1/products" for ::1 at 2023-08-17 01:16:55 +0500
Processing by Api::V1::ProductsController#create as */*
  Parameters: {"name"=>"hello 2", "description"=>"hello 2 description", "product"=>{"name"=>"hello 2", "description"=>"hello 2 description"}}
[31mUnpermitted parameter: :product. Context: { controller: Api::V1::ProductsController, action: create, request: #<ActionDispatch::Request:0x00007fa6cc0912d8>, params: {"name"=>"hello 2", "description"=>"hello 2 description", "controller"=>"api/v1/products", "action"=>"create", "product"=>{"name"=>"hello 2", "description"=>"hello 2 description"}} }[0m
  [1m[36mTRANSACTION (0.2ms)[0m  [1m[35mBEGIN[0m
  ↳ app/controllers/api/v1/products_controller.rb:14:in `create'
  [1m[36mProduct Create (0.3ms)[0m  [1m[32mINSERT INTO "products" ("name", "description", "created_at", "updated_at") VALUES ($1, $2, $3, $4) RETURNING "id"[0m  [["name", "hello 2"], ["description", "hello 2 description"], ["created_at", "2023-08-16 20:16:55.667204"], ["updated_at", "2023-08-16 20:16:55.667204"]]
  ↳ app/controllers/api/v1/products_controller.rb:14:in `create'
  [1m[36mTRANSACTION (8.5ms)[0m  [1m[35mCOMMIT[0m
  ↳ app/controllers/api/v1/products_controller.rb:14:in `create'
Completed 200 OK in 12ms (Views: 0.2ms | ActiveRecord: 8.9ms | Allocations: 2226)


Started GET "/api/v1/products" for ::1 at 2023-08-17 01:17:06 +0500
Processing by Api::V1::ProductsController#index as */*
  [1m[36mProduct Load (0.2ms)[0m  [1m[34mSELECT "products".* FROM "products"[0m
  ↳ app/controllers/api/v1/products_controller.rb:6:in `map'
Completed 200 OK in 2ms (Views: 0.2ms | ActiveRecord: 0.2ms | Allocations: 1091)


Started PUT "/api/v1/products/3" for ::1 at 2023-08-17 01:17:58 +0500
Processing by Api::V1::ProductsController#update as */*
  Parameters: {"name"=>"hello 3", "description"=>"hello 3 description", "id"=>"3", "product"=>{"name"=>"hello 3", "description"=>"hello 3 description"}}
  [1m[36mProduct Load (0.3ms)[0m  [1m[34mSELECT "products".* FROM "products" WHERE "products"."id" = $1 LIMIT $2[0m  [["id", 3], ["LIMIT", 1]]
  ↳ app/controllers/api/v1/products_controller.rb:50:in `set_product'
Filter chain halted as :set_product rendered or redirected
Completed 404 Not Found in 19ms (Views: 0.2ms | ActiveRecord: 0.5ms | Allocations: 2569)


Started PUT "/api/v1/products/3" for ::1 at 2023-08-17 01:18:50 +0500
Processing by Api::V1::ProductsController#update as */*
  Parameters: {"name"=>"hello 3", "description"=>"hello 3 description", "id"=>"3", "product"=>{"name"=>"hello 3", "description"=>"hello 3 description"}}
  [1m[36mProduct Load (0.2ms)[0m  [1m[34mSELECT "products".* FROM "products" WHERE "products"."id" = $1 LIMIT $2[0m  [["id", 3], ["LIMIT", 1]]
  ↳ app/controllers/api/v1/products_controller.rb:50:in `set_product'
[31mUnpermitted parameters: :id, :product. Context: { controller: Api::V1::ProductsController, action: update, request: #<ActionDispatch::Request:0x00007fa6d01f72b8>, params: {"name"=>"hello 3", "description"=>"hello 3 description", "controller"=>"api/v1/products", "action"=>"update", "id"=>"3", "product"=>{"name"=>"hello 3", "description"=>"hello 3 description"}} }[0m
  [1m[36mTRANSACTION (0.1ms)[0m  [1m[35mBEGIN[0m
  ↳ app/controllers/api/v1/products_controller.rb:26:in `update'
  [1m[36mProduct Update (0.3ms)[0m  [1m[33mUPDATE "products" SET "name" = $1, "description" = $2, "updated_at" = $3 WHERE "products"."id" = $4[0m  [["name", "hello 3"], ["description", "hello 3 description"], ["updated_at", "2023-08-16 20:18:50.133595"], ["id", 3]]
  ↳ app/controllers/api/v1/products_controller.rb:26:in `update'
  [1m[36mTRANSACTION (1.1ms)[0m  [1m[35mCOMMIT[0m
  ↳ app/controllers/api/v1/products_controller.rb:26:in `update'
Completed 500 Internal Server Error in 9ms (ActiveRecord: 4.4ms | Allocations: 4830)


  
NoMethodError (undefined method `errors' for true:TrueClass):
  
app/controllers/api/v1/products_controller.rb:58:in `render_response'
app/controllers/api/v1/products_controller.rb:27:in `update'
Started PUT "/api/v1/products/3" for ::1 at 2023-08-17 01:21:23 +0500
Processing by Api::V1::ProductsController#update as */*
  Parameters: {"name"=>"hello 3", "description"=>"hello 3 description", "id"=>"3", "product"=>{"name"=>"hello 3", "description"=>"hello 3 description"}}
  [1m[36mProduct Load (0.2ms)[0m  [1m[34mSELECT "products".* FROM "products" WHERE "products"."id" = $1 LIMIT $2[0m  [["id", 3], ["LIMIT", 1]]
  ↳ app/controllers/api/v1/products_controller.rb:59:in `set_product'
[31mUnpermitted parameters: :id, :product. Context: { controller: Api::V1::ProductsController, action: update, request: #<ActionDispatch::Request:0x00007fa6cc468b40>, params: {"name"=>"hello 3", "description"=>"hello 3 description", "controller"=>"api/v1/products", "action"=>"update", "id"=>"3", "product"=>{"name"=>"hello 3", "description"=>"hello 3 description"}} }[0m
Completed 200 OK in 6ms (Views: 0.2ms | ActiveRecord: 2.9ms | Allocations: 2856)


Started GET "/api/v1/products" for ::1 at 2023-08-17 01:21:28 +0500
Processing by Api::V1::ProductsController#index as */*
  [1m[36mProduct Load (0.2ms)[0m  [1m[34mSELECT "products".* FROM "products"[0m
  ↳ app/controllers/api/v1/products_controller.rb:6:in `map'
Completed 200 OK in 2ms (Views: 0.2ms | ActiveRecord: 0.2ms | Allocations: 1067)


Started GET "/api/v1/products" for ::1 at 2023-08-17 01:22:08 +0500
Processing by Api::V1::ProductsController#index as */*
  [1m[36mProduct Load (3.5ms)[0m  [1m[34mSELECT "products".* FROM "products" ORDER BY "products"."updated_at" ASC, "desc" ASC[0m
  ↳ app/controllers/api/v1/products_controller.rb:6:in `map'
Completed 500 Internal Server Error in 7ms (ActiveRecord: 4.2ms | Allocations: 2139)


  
ActiveRecord::StatementInvalid (PG::UndefinedColumn: ERROR:  column "desc" does not exist
LINE 1: ... "products" ORDER BY "products"."updated_at" ASC, "desc" ASC
                                                             ^
):
  
app/controllers/api/v1/products_controller.rb:6:in `map'
app/controllers/api/v1/products_controller.rb:6:in `index'
Started GET "/api/v1/products" for ::1 at 2023-08-17 01:22:29 +0500
Processing by Api::V1::ProductsController#index as */*
  [1m[36mProduct Load (0.2ms)[0m  [1m[34mSELECT "products".* FROM "products" ORDER BY "products"."updated_at" DESC[0m
  ↳ app/controllers/api/v1/products_controller.rb:6:in `map'
Completed 200 OK in 7ms (Views: 0.3ms | ActiveRecord: 2.5ms | Allocations: 3852)


Started GET "/api/v1/products" for ::1 at 2023-08-17 01:23:00 +0500
Processing by Api::V1::ProductsController#index as */*
  [1m[36mProduct Load (0.3ms)[0m  [1m[34mSELECT "products".* FROM "products" ORDER BY "products"."updated_at" DESC[0m
  ↳ app/controllers/api/v1/products_controller.rb:6:in `map'
Completed 200 OK in 2ms (Views: 0.2ms | ActiveRecord: 0.3ms | Allocations: 1078)


Started PUT "/api/v1/products/3" for ::1 at 2023-08-17 01:23:02 +0500
Processing by Api::V1::ProductsController#update as */*
  Parameters: {"name"=>"hello 3", "description"=>"hello 3 description", "id"=>"3", "product"=>{"name"=>"hello 3", "description"=>"hello 3 description"}}
  [1m[36mProduct Load (0.2ms)[0m  [1m[34mSELECT "products".* FROM "products" WHERE "products"."id" = $1 LIMIT $2[0m  [["id", 3], ["LIMIT", 1]]
  ↳ app/controllers/api/v1/products_controller.rb:59:in `set_product'
[31mUnpermitted parameters: :id, :product. Context: { controller: Api::V1::ProductsController, action: update, request: #<ActionDispatch::Request:0x00007fa6dc691038>, params: {"name"=>"hello 3", "description"=>"hello 3 description", "controller"=>"api/v1/products", "action"=>"update", "id"=>"3", "product"=>{"name"=>"hello 3", "description"=>"hello 3 description"}} }[0m
Completed 200 OK in 3ms (Views: 0.1ms | ActiveRecord: 0.2ms | Allocations: 1241)


Started PUT "/api/v1/products/32" for ::1 at 2023-08-17 01:23:51 +0500
Processing by Api::V1::ProductsController#update as */*
  Parameters: {"name"=>"hello 3", "description"=>"hello 3 description", "id"=>"32", "product"=>{"name"=>"hello 3", "description"=>"hello 3 description"}}
  [1m[36mProduct Load (0.2ms)[0m  [1m[34mSELECT "products".* FROM "products" WHERE "products"."id" = $1 LIMIT $2[0m  [["id", 32], ["LIMIT", 1]]
  ↳ app/controllers/api/v1/products_controller.rb:59:in `set_product'
Filter chain halted as :set_product rendered or redirected
Completed 404 Not Found in 2ms (Views: 0.3ms | ActiveRecord: 1.6ms | Allocations: 1044)


Started DELETE "/api/v1/products/55" for ::1 at 2023-08-17 01:24:13 +0500
Processing by Api::V1::ProductsController#destroy as */*
  Parameters: {"id"=>"55"}
  [1m[36mProduct Load (0.3ms)[0m  [1m[34mSELECT "products".* FROM "products" WHERE "products"."id" = $1 LIMIT $2[0m  [["id", 55], ["LIMIT", 1]]
  ↳ app/controllers/api/v1/products_controller.rb:59:in `set_product'
Filter chain halted as :set_product rendered or redirected
Completed 404 Not Found in 2ms (Views: 0.2ms | ActiveRecord: 0.3ms | Allocations: 572)


Started DELETE "/api/v1/products/3" for ::1 at 2023-08-17 01:24:18 +0500
Processing by Api::V1::ProductsController#destroy as */*
  Parameters: {"id"=>"3"}
  [1m[36mProduct Load (0.2ms)[0m  [1m[34mSELECT "products".* FROM "products" WHERE "products"."id" = $1 LIMIT $2[0m  [["id", 3], ["LIMIT", 1]]
  ↳ app/controllers/api/v1/products_controller.rb:59:in `set_product'
  [1m[36mTRANSACTION (0.1ms)[0m  [1m[35mBEGIN[0m
  ↳ app/controllers/api/v1/products_controller.rb:40:in `destroy'
  [1m[36mProduct Destroy (0.4ms)[0m  [1m[31mDELETE FROM "products" WHERE "products"."id" = $1[0m  [["id", 3]]
  ↳ app/controllers/api/v1/products_controller.rb:40:in `destroy'
  [1m[36mTRANSACTION (8.7ms)[0m  [1m[35mCOMMIT[0m
  ↳ app/controllers/api/v1/products_controller.rb:40:in `destroy'
Completed 200 OK in 17ms (Views: 0.2ms | ActiveRecord: 10.4ms | Allocations: 3330)


Started GET "/api/v1/products" for ::1 at 2023-08-17 01:24:23 +0500
Processing by Api::V1::ProductsController#index as */*
  [1m[36mProduct Load (0.2ms)[0m  [1m[34mSELECT "products".* FROM "products" ORDER BY "products"."updated_at" DESC[0m
  ↳ app/controllers/api/v1/products_controller.rb:6:in `map'
Completed 200 OK in 7ms (Views: 0.3ms | ActiveRecord: 0.2ms | Allocations: 2027)


Started GET "/api/v1/products" for ::1 at 2023-08-17 01:25:19 +0500
Processing by Api::V1::ProductsController#index as */*
  [1m[36mProduct Load (0.3ms)[0m  [1m[34mSELECT "products".* FROM "products" ORDER BY "products"."updated_at" DESC[0m
  ↳ app/controllers/api/v1/products_controller.rb:6:in `map'
Completed 200 OK in 2ms (Views: 0.4ms | ActiveRecord: 0.3ms | Allocations: 1034)


